#
# There is insufficient memory for the Java Runtime Environment to continue.
# Native memory allocation (malloc) failed to allocate 1515152 bytes for Chunk::new
# Possible reasons:
#   The system is out of physical RAM or swap space
#   The process is running with CompressedOops enabled, and the Java Heap may be blocking the growth of the native heap
# Possible solutions:
#   Reduce memory load on the system
#   Increase physical memory or swap space
#   Check if swap backing store is full
#   Decrease Java heap size (-Xmx/-Xms)
#   Decrease number of Java threads
#   Decrease Java thread stack sizes (-Xss)
#   Set larger code cache with -XX:ReservedCodeCacheSize=
#   JVM is running with Unscaled Compressed Oops mode in which the Java heap is
#     placed in the first 4GB address space. The Java Heap base address is the
#     maximum limit for the native heap growth. Please use -XX:HeapBaseMinAddress
#     to set the Java Heap base and to place the Java Heap above 4GB virtual address.
# This output file may be truncated or incomplete.
#
#  Out of Memory Error (allocation.cpp:389), pid=444, tid=0x0000000000001a68
#
# JRE version: Java(TM) SE Runtime Environment (8.0_211-b12) (build 1.8.0_211-b12)
# Java VM: Java HotSpot(TM) 64-Bit Server VM (25.211-b12 mixed mode windows-amd64 compressed oops)
# Failed to write core dump. Minidumps are not enabled by default on client versions of Windows
#

---------------  T H R E A D  ---------------

Current thread (0x0000000017478000):  JavaThread "C2 CompilerThread1" daemon [_thread_in_native, id=6760, stack(0x0000000018c10000,0x0000000018d10000)]

Stack: [0x0000000018c10000,0x0000000018d10000]
[error occurred during error reporting (printing stack bounds), id 0xc0000005]

Native frames: (J=compiled Java code, j=interpreted, Vv=VM code, C=native code)


Current CompileTask:
C2:   3135 1511       4       java.net.URLClassLoader$1::run (5 bytes)


---------------  P R O C E S S  ---------------

Java Threads: ( => current thread )
  0x00000000199dd800 JavaThread "pool-1-thread-1" [_thread_blocked, id=2360, stack(0x000000001b920000,0x000000001ba20000)]
  0x0000000019a77000 JavaThread "Abandoned connection cleanup thread" daemon [_thread_blocked, id=7852, stack(0x000000001b620000,0x000000001b720000)]
  0x000000001964b000 JavaThread "Keep-Alive-Timer" daemon [_thread_blocked, id=7488, stack(0x0000000019c10000,0x0000000019d10000)]
  0x0000000018e39800 JavaThread "Service Thread" daemon [_thread_blocked, id=612, stack(0x0000000019210000,0x0000000019310000)]
  0x000000001747d000 JavaThread "C1 CompilerThread2" daemon [_thread_blocked, id=4760, stack(0x0000000018d10000,0x0000000018e10000)]
=>0x0000000017478000 JavaThread "C2 CompilerThread1" daemon [_thread_in_native, id=6760, stack(0x0000000018c10000,0x0000000018d10000)]
  0x000000001746e000 JavaThread "C2 CompilerThread0" daemon [_thread_blocked, id=9252, stack(0x0000000018b10000,0x0000000018c10000)]
  0x000000001746c800 JavaThread "Attach Listener" daemon [_thread_blocked, id=8480, stack(0x0000000018a10000,0x0000000018b10000)]
  0x000000001746b800 JavaThread "Signal Dispatcher" daemon [_thread_blocked, id=2412, stack(0x0000000018910000,0x0000000018a10000)]
  0x000000001745a800 JavaThread "Finalizer" daemon [_thread_blocked, id=2648, stack(0x0000000018720000,0x0000000018820000)]
  0x0000000017439000 JavaThread "Reference Handler" daemon [_thread_blocked, id=7280, stack(0x0000000018620000,0x0000000018720000)]
  0x000000000272e000 JavaThread "main" [_thread_in_native, id=4676, stack(0x0000000002730000,0x0000000002830000)]

Other Threads:
  0x0000000017437800 VMThread [stack: 0x0000000018520000,0x0000000018620000] [id=8600]
  0x0000000018e4a800 WatcherThread [stack: 0x0000000019310000,0x0000000019410000] [id=1344]

VM state:not at safepoint (normal execution)

VM Mutex/Monitor currently owned by a thread: None

heap address: 0x0000000081a00000, size: 2022 MB, Compressed Oops mode: 32-bit
Narrow klass base: 0x0000000000000000, Narrow klass shift: 3
Compressed class space size: 1073741824 Address: 0x0000000100000000

Heap:
 PSYoungGen      total 38400K, used 31650K [0x00000000d5e00000, 0x00000000d8880000, 0x0000000100000000)
  eden space 33280K, 95% used [0x00000000d5e00000,0x00000000d7ce8b80,0x00000000d7e80000)
  from space 5120K, 0% used [0x00000000d7e80000,0x00000000d7e80000,0x00000000d8380000)
  to   space 5120K, 0% used [0x00000000d8380000,0x00000000d8380000,0x00000000d8880000)
 ParOldGen       total 63488K, used 7107K [0x0000000081a00000, 0x0000000085800000, 0x00000000d5e00000)
  object space 63488K, 11% used [0x0000000081a00000,0x00000000820f0fc8,0x0000000085800000)
 Metaspace       used 26096K, capacity 26432K, committed 26624K, reserved 1073152K
  class space    used 3748K, capacity 3836K, committed 3840K, reserved 1048576K

Card table byte_map: [0x0000000011cf0000,0x00000000120f0000] byte_map_base: 0x00000000118e3000

Marking Bits: (ParMarkBitMap*) 0x00000000652f5ce0
 Begin Bits: [0x00000000127a0000, 0x0000000014738000)
 End Bits:   [0x0000000014738000, 0x00000000166d0000)

Polling page: 0x0000000000a30000

CodeCache: size=245760Kb used=5080Kb max_used=5080Kb free=240679Kb
 bounds [0x0000000002930000, 0x0000000002e30000, 0x0000000011930000]
 total_blobs=2055 nmethods=1557 adapters=410
 compilation: enabled

Compilation events (10 events):
Event: 3.055 Thread 0x000000001747d000 1556   !   3       com.mysql.jdbc.StringUtils::findCharset (61 bytes)
Event: 3.055 Thread 0x000000001747d000 nmethod 1556 0x0000000002e249d0 code [0x0000000002e24be0, 0x0000000002e25468]
Event: 3.055 Thread 0x000000001747d000 1557       3       java.nio.charset.CharsetDecoder::decode (136 bytes)
Event: 3.057 Thread 0x000000001747d000 nmethod 1557 0x0000000002e25a10 code [0x0000000002e25ce0, 0x0000000002e27478]
Event: 3.057 Thread 0x000000001747d000 1545       3       java.nio.ByteBuffer::wrap (8 bytes)
Event: 3.057 Thread 0x000000001747d000 nmethod 1545 0x0000000002e27e90 code [0x0000000002e28020, 0x0000000002e283b8]
Event: 3.057 Thread 0x000000001747d000 1554       3       java.lang.StringCoding$StringEncoder::<init> (54 bytes)
Event: 3.057 Thread 0x000000001747d000 nmethod 1554 0x0000000002e285d0 code [0x0000000002e28780, 0x0000000002e28fc8]
Event: 3.057 Thread 0x000000001747d000 1558       3       com.mysql.jdbc.ConnectionImpl::versionMeetsMinimum (15 bytes)
Event: 3.057 Thread 0x000000001747d000 nmethod 1558 0x0000000002e29210 code [0x0000000002e293a0, 0x0000000002e29738]

GC Heap History (8 events):
Event: 0.173 GC heap before
{Heap before GC invocations=1 (full 0):
 PSYoungGen      total 38400K, used 33255K [0x00000000d5e00000, 0x00000000d8880000, 0x0000000100000000)
  eden space 33280K, 99% used [0x00000000d5e00000,0x00000000d7e79dd0,0x00000000d7e80000)
  from space 5120K, 0% used [0x00000000d8380000,0x00000000d8380000,0x00000000d8880000)
  to   space 5120K, 0% used [0x00000000d7e80000,0x00000000d7e80000,0x00000000d8380000)
 ParOldGen       total 87552K, used 0K [0x0000000081a00000, 0x0000000086f80000, 0x00000000d5e00000)
  object space 87552K, 0% used [0x0000000081a00000,0x0000000081a00000,0x0000000086f80000)
 Metaspace       used 2659K, capacity 4486K, committed 4864K, reserved 1056768K
  class space    used 296K, capacity 386K, committed 512K, reserved 1048576K
Event: 0.174 GC heap after
Heap after GC invocations=1 (full 0):
 PSYoungGen      total 38400K, used 560K [0x00000000d5e00000, 0x00000000d8880000, 0x0000000100000000)
  eden space 33280K, 0% used [0x00000000d5e00000,0x00000000d5e00000,0x00000000d7e80000)
  from space 5120K, 10% used [0x00000000d7e80000,0x00000000d7f0c1e8,0x00000000d8380000)
  to   space 5120K, 0% used [0x00000000d8380000,0x00000000d8380000,0x00000000d8880000)
 ParOldGen       total 87552K, used 8K [0x0000000081a00000, 0x0000000086f80000, 0x00000000d5e00000)
  object space 87552K, 0% used [0x0000000081a00000,0x0000000081a02000,0x0000000086f80000)
 Metaspace       used 2659K, capacity 4486K, committed 4864K, reserved 1056768K
  class space    used 296K, capacity 386K, committed 512K, reserved 1048576K
}
Event: 1.838 GC heap before
{Heap before GC invocations=2 (full 0):
 PSYoungGen      total 38400K, used 33840K [0x00000000d5e00000, 0x00000000d8880000, 0x0000000100000000)
  eden space 33280K, 100% used [0x00000000d5e00000,0x00000000d7e80000,0x00000000d7e80000)
  from space 5120K, 10% used [0x00000000d7e80000,0x00000000d7f0c1e8,0x00000000d8380000)
  to   space 5120K, 0% used [0x00000000d8380000,0x00000000d8380000,0x00000000d8880000)
 ParOldGen       total 87552K, used 8K [0x0000000081a00000, 0x0000000086f80000, 0x00000000d5e00000)
  object space 87552K, 0% used [0x0000000081a00000,0x0000000081a02000,0x0000000086f80000)
 Metaspace       used 15706K, capacity 15976K, committed 16256K, reserved 1062912K
  class space    used 2233K, capacity 2306K, committed 2432K, reserved 1048576K
Event: 1.844 GC heap after
Heap after GC invocations=2 (full 0):
 PSYoungGen      total 38400K, used 5116K [0x00000000d5e00000, 0x00000000d8880000, 0x0000000100000000)
  eden space 33280K, 0% used [0x00000000d5e00000,0x00000000d5e00000,0x00000000d7e80000)
  from space 5120K, 99% used [0x00000000d8380000,0x00000000d887f068,0x00000000d8880000)
  to   space 5120K, 0% used [0x00000000d7e80000,0x00000000d7e80000,0x00000000d8380000)
 ParOldGen       total 87552K, used 2116K [0x0000000081a00000, 0x0000000086f80000, 0x00000000d5e00000)
  object space 87552K, 2% used [0x0000000081a00000,0x0000000081c110f0,0x0000000086f80000)
 Metaspace       used 15706K, capacity 15976K, committed 16256K, reserved 1062912K
  class space    used 2233K, capacity 2306K, committed 2432K, reserved 1048576K
}
Event: 2.428 GC heap before
{Heap before GC invocations=3 (full 0):
 PSYoungGen      total 38400K, used 27728K [0x00000000d5e00000, 0x00000000d8880000, 0x0000000100000000)
  eden space 33280K, 67% used [0x00000000d5e00000,0x00000000d7414fa8,0x00000000d7e80000)
  from space 5120K, 99% used [0x00000000d8380000,0x00000000d887f068,0x00000000d8880000)
  to   space 5120K, 0% used [0x00000000d7e80000,0x00000000d7e80000,0x00000000d8380000)
 ParOldGen       total 87552K, used 2116K [0x0000000081a00000, 0x0000000086f80000, 0x00000000d5e00000)
  object space 87552K, 2% used [0x0000000081a00000,0x0000000081c110f0,0x0000000086f80000)
 Metaspace       used 20755K, capacity 20984K, committed 21248K, reserved 1067008K
  class space    used 2852K, capacity 2950K, committed 3072K, reserved 1048576K
Event: 2.436 GC heap after
Heap after GC invocations=3 (full 0):
 PSYoungGen      total 38400K, used 5117K [0x00000000d5e00000, 0x00000000d8880000, 0x0000000100000000)
  eden space 33280K, 0% used [0x00000000d5e00000,0x00000000d5e00000,0x00000000d7e80000)
  from space 5120K, 99% used [0x00000000d7e80000,0x00000000d837f740,0x00000000d8380000)
  to   space 5120K, 0% used [0x00000000d8380000,0x00000000d8380000,0x00000000d8880000)
 ParOldGen       total 87552K, used 4294K [0x0000000081a00000, 0x0000000086f80000, 0x00000000d5e00000)
  object space 87552K, 4% used [0x0000000081a00000,0x0000000081e31ba8,0x0000000086f80000)
 Metaspace       used 20755K, capacity 20984K, committed 21248K, reserved 1067008K
  class space    used 2852K, capacity 2950K, committed 3072K, reserved 1048576K
}
Event: 2.436 GC heap before
{Heap before GC invocations=4 (full 1):
 PSYoungGen      total 38400K, used 5117K [0x00000000d5e00000, 0x00000000d8880000, 0x0000000100000000)
  eden space 33280K, 0% used [0x00000000d5e00000,0x00000000d5e00000,0x00000000d7e80000)
  from space 5120K, 99% used [0x00000000d7e80000,0x00000000d837f740,0x00000000d8380000)
  to   space 5120K, 0% used [0x00000000d8380000,0x00000000d8380000,0x00000000d8880000)
 ParOldGen       total 87552K, used 4294K [0x0000000081a00000, 0x0000000086f80000, 0x00000000d5e00000)
  object space 87552K, 4% used [0x0000000081a00000,0x0000000081e31ba8,0x0000000086f80000)
 Metaspace       used 20755K, capacity 20984K, committed 21248K, reserved 1067008K
  class space    used 2852K, capacity 2950K, committed 3072K, reserved 1048576K
Event: 2.459 GC heap after
Heap after GC invocations=4 (full 1):
 PSYoungGen      total 38400K, used 0K [0x00000000d5e00000, 0x00000000d8880000, 0x0000000100000000)
  eden space 33280K, 0% used [0x00000000d5e00000,0x00000000d5e00000,0x00000000d7e80000)
  from space 5120K, 0% used [0x00000000d7e80000,0x00000000d7e80000,0x00000000d8380000)
  to   space 5120K, 0% used [0x00000000d8380000,0x00000000d8380000,0x00000000d8880000)
 ParOldGen       total 63488K, used 7107K [0x0000000081a00000, 0x0000000085800000, 0x00000000d5e00000)
  object space 63488K, 11% used [0x0000000081a00000,0x00000000820f0fc8,0x0000000085800000)
 Metaspace       used 20755K, capacity 20984K, committed 21248K, reserved 1067008K
  class space    used 2852K, capacity 2950K, committed 3072K, reserved 1048576K
}

Deoptimization events (10 events):
Event: 0.827 Thread 0x000000000272e000 Uncommon trap: reason=unstable_if action=reinterpret pc=0x0000000002b70f9c method=sun.misc.MetaIndex.mayContain(Ljava/lang/String;)Z @ 38
Event: 0.846 Thread 0x000000000272e000 Uncommon trap: reason=unstable_if action=reinterpret pc=0x0000000002b2cbfc method=sun.misc.MetaIndex.mayContain(Ljava/lang/String;)Z @ 38
Event: 0.898 Thread 0x000000000272e000 Uncommon trap: reason=predicate action=maybe_recompile pc=0x0000000002b94e18 method=sun.net.www.ParseUtil.encodePath(Ljava/lang/String;Z)Ljava/lang/String; @ 36
Event: 1.242 Thread 0x000000000272e000 Uncommon trap: reason=range_check action=make_not_entrant pc=0x0000000002bd48a0 method=sun.reflect.generics.parser.SignatureParser.current()C @ 34
Event: 1.331 Thread 0x000000000272e000 Uncommon trap: reason=unstable_if action=reinterpret pc=0x0000000002b47690 method=java.lang.AbstractStringBuilder.append(Ljava/lang/String;)Ljava/lang/AbstractStringBuilder; @ 1
Event: 1.719 Thread 0x000000000272e000 Uncommon trap: reason=unstable_if action=reinterpret pc=0x0000000002b99348 method=java.io.WinNTFileSystem.normalize(Ljava/lang/String;)Ljava/lang/String; @ 128
Event: 1.939 Thread 0x000000000272e000 Uncommon trap: reason=unstable_if action=reinterpret pc=0x0000000002bf2b7c method=java.lang.CharacterDataLatin1.isWhitespace(I)Z @ 14
Event: 2.183 Thread 0x000000000272e000 Uncommon trap: reason=bimorphic action=maybe_recompile pc=0x0000000002c42ddc method=java.util.HashMap.putVal(ILjava/lang/Object;Ljava/lang/Object;ZZ)Ljava/lang/Object; @ 203
Event: 2.692 Thread 0x000000000272e000 Uncommon trap: reason=bimorphic action=maybe_recompile pc=0x0000000002c29dc8 method=java.util.HashMap.putVal(ILjava/lang/Object;Ljava/lang/Object;ZZ)Ljava/lang/Object; @ 203
Event: 2.813 Thread 0x000000000272e000 Uncommon trap: reason=bimorphic action=maybe_recompile pc=0x0000000002c29dc8 method=java.util.HashMap.putVal(ILjava/lang/Object;Ljava/lang/Object;ZZ)Ljava/lang/Object; @ 203

Classes redefined (0 events):
No events

Internal exceptions (10 events):
Event: 1.895 Thread 0x000000000272e000 Exception <a 'java/security/PrivilegedActionException'> (0x00000000d60d49c0) thrown at [C:\re\workspace\8-2-build-windows-amd64-cygwin\jdk8u211\12973\hotspot\src\share\vm\prims\jvm.cpp, line 1502]
Event: 1.895 Thread 0x000000000272e000 Exception <a 'java/security/PrivilegedActionException'> (0x00000000d60d4db8) thrown at [C:\re\workspace\8-2-build-windows-amd64-cygwin\jdk8u211\12973\hotspot\src\share\vm\prims\jvm.cpp, line 1502]
Event: 1.901 Thread 0x000000000272e000 Exception <a 'java/security/PrivilegedActionException'> (0x00000000d611f268) thrown at [C:\re\workspace\8-2-build-windows-amd64-cygwin\jdk8u211\12973\hotspot\src\share\vm\prims\jvm.cpp, line 1502]
Event: 1.901 Thread 0x000000000272e000 Exception <a 'java/security/PrivilegedActionException'> (0x00000000d611f660) thrown at [C:\re\workspace\8-2-build-windows-amd64-cygwin\jdk8u211\12973\hotspot\src\share\vm\prims\jvm.cpp, line 1502]
Event: 1.901 Thread 0x000000000272e000 Exception <a 'java/security/PrivilegedActionException'> (0x00000000d6123920) thrown at [C:\re\workspace\8-2-build-windows-amd64-cygwin\jdk8u211\12973\hotspot\src\share\vm\prims\jvm.cpp, line 1502]
Event: 1.901 Thread 0x000000000272e000 Exception <a 'java/security/PrivilegedActionException'> (0x00000000d6123d18) thrown at [C:\re\workspace\8-2-build-windows-amd64-cygwin\jdk8u211\12973\hotspot\src\share\vm\prims\jvm.cpp, line 1502]
Event: 1.901 Thread 0x000000000272e000 Exception <a 'java/security/PrivilegedActionException'> (0x00000000d6128218) thrown at [C:\re\workspace\8-2-build-windows-amd64-cygwin\jdk8u211\12973\hotspot\src\share\vm\prims\jvm.cpp, line 1502]
Event: 1.901 Thread 0x000000000272e000 Exception <a 'java/security/PrivilegedActionException'> (0x00000000d6128610) thrown at [C:\re\workspace\8-2-build-windows-amd64-cygwin\jdk8u211\12973\hotspot\src\share\vm\prims\jvm.cpp, line 1502]
Event: 1.901 Thread 0x000000000272e000 Exception <a 'java/security/PrivilegedActionException'> (0x00000000d612ca00) thrown at [C:\re\workspace\8-2-build-windows-amd64-cygwin\jdk8u211\12973\hotspot\src\share\vm\prims\jvm.cpp, line 1502]
Event: 1.901 Thread 0x000000000272e000 Exception <a 'java/security/PrivilegedActionException'> (0x00000000d612cdf8) thrown at [C:\re\workspace\8-2-build-windows-amd64-cygwin\jdk8u211\12973\hotspot\src\share\vm\prims\jvm.cpp, line 1502]

Events (10 events):
Event: 3.052 loading class org/hibernate/tool/schema/extract/internal/ColumnInformationImpl
Event: 3.052 loading class org/hibernate/tool/schema/extract/internal/ColumnInformationImpl done
Event: 3.052 loading class org/hibernate/boot/model/TruthValue
Event: 3.052 loading class org/hibernate/boot/model/TruthValue done
Event: 3.053 loading class com/mysql/jdbc/EscapeProcessor
Event: 3.054 loading class com/mysql/jdbc/EscapeProcessor done
Event: 3.054 loading class java/text/SimpleDateFormat
Event: 3.055 loading class java/text/DateFormat
Event: 3.055 loading class java/text/DateFormat done
Event: 3.055 loading class java/text/SimpleDateFormat done


Dynamic libraries:
0x00007ff7e3740000 - 0x00007ff7e3777000 	C:\Program Files\Java\jre1.8.0_211\bin\javaw.exe
0x00007ffb27c20000 - 0x00007ffb27df1000 	C:\Windows\SYSTEM32\ntdll.dll
0x00007ffb25500000 - 0x00007ffb255ab000 	C:\Windows\System32\KERNEL32.DLL
0x00007ffb24110000 - 0x00007ffb2432d000 	C:\Windows\System32\KERNELBASE.dll
0x00007ffb27b70000 - 0x00007ffb27c12000 	C:\Windows\System32\ADVAPI32.dll
0x00007ffb255d0000 - 0x00007ffb2566e000 	C:\Windows\System32\msvcrt.dll
0x00007ffb25dd0000 - 0x00007ffb25e29000 	C:\Windows\System32\sechost.dll
0x00007ffb25680000 - 0x00007ffb257a1000 	C:\Windows\System32\RPCRT4.dll
0x00007ffb252f0000 - 0x00007ffb25455000 	C:\Windows\System32\USER32.dll
0x00007ffb24330000 - 0x00007ffb2434e000 	C:\Windows\System32\win32u.dll
0x00007ffb25cf0000 - 0x00007ffb25d24000 	C:\Windows\System32\GDI32.dll
0x00007ffb245a0000 - 0x00007ffb24722000 	C:\Windows\System32\gdi32full.dll
0x00007ffb1a1e0000 - 0x00007ffb1a459000 	C:\Windows\WinSxS\amd64_microsoft.windows.common-controls_6595b64144ccf1df_6.0.14393.447_none_42191651c6827bb3\COMCTL32.dll
0x00007ffb25e30000 - 0x00007ffb260f8000 	C:\Windows\System32\combase.dll
0x00007ffb244a0000 - 0x00007ffb24595000 	C:\Windows\System32\ucrtbase.dll
0x00007ffb24790000 - 0x00007ffb247fa000 	C:\Windows\System32\bcryptPrimitives.dll
0x00007ffb25460000 - 0x00007ffb2548e000 	C:\Windows\System32\IMM32.DLL
0x00000000649f0000 - 0x0000000064ac2000 	C:\Program Files\Java\jre1.8.0_211\bin\msvcr100.dll
0x0000000064ad0000 - 0x0000000065375000 	C:\Program Files\Java\jre1.8.0_211\bin\server\jvm.dll
0x00007ffb254f0000 - 0x00007ffb254f8000 	C:\Windows\System32\PSAPI.DLL
0x00007ffb15890000 - 0x00007ffb15899000 	C:\Windows\SYSTEM32\WSOCK32.dll
0x00007ffb276d0000 - 0x00007ffb2773a000 	C:\Windows\System32\WS2_32.dll
0x00007ffb221f0000 - 0x00007ffb22213000 	C:\Windows\SYSTEM32\WINMM.dll
0x00007ffb14630000 - 0x00007ffb1463a000 	C:\Windows\SYSTEM32\VERSION.dll
0x00007ffb22030000 - 0x00007ffb2205b000 	C:\Windows\SYSTEM32\WINMMBASE.dll
0x00007ffb24f90000 - 0x00007ffb24fd2000 	C:\Windows\System32\cfgmgr32.dll
0x00007ffb1a630000 - 0x00007ffb1a63f000 	C:\Program Files\Java\jre1.8.0_211\bin\verify.dll
0x00007ffb10cb0000 - 0x00007ffb10cd9000 	C:\Program Files\Java\jre1.8.0_211\bin\java.dll
0x00007ffb12af0000 - 0x00007ffb12b06000 	C:\Program Files\Java\jre1.8.0_211\bin\zip.dll
0x00007ffb26100000 - 0x00007ffb27609000 	C:\Windows\System32\SHELL32.dll
0x00007ffb248b0000 - 0x00007ffb24f8a000 	C:\Windows\System32\windows.storage.dll
0x00007ffb240c0000 - 0x00007ffb2410c000 	C:\Windows\System32\powrprof.dll
0x00007ffb25b80000 - 0x00007ffb25bd2000 	C:\Windows\System32\shlwapi.dll
0x00007ffb24080000 - 0x00007ffb2408f000 	C:\Windows\System32\kernel.appcore.dll
0x00007ffb24800000 - 0x00007ffb248a9000 	C:\Windows\System32\shcore.dll
0x00007ffb24090000 - 0x00007ffb240a4000 	C:\Windows\System32\profapi.dll
0x00007ffb0d370000 - 0x00007ffb0d38a000 	C:\Program Files\Java\jre1.8.0_211\bin\net.dll
0x00007ffb18a00000 - 0x00007ffb18bc2000 	C:\Windows\SYSTEM32\urlmon.dll
0x00007ffb1af70000 - 0x00007ffb1b213000 	C:\Windows\SYSTEM32\iertutil.dll
0x00007ffb239b0000 - 0x00007ffb23a0c000 	C:\Windows\system32\mswsock.dll
0x00007ffb23780000 - 0x00007ffb23820000 	C:\Windows\SYSTEM32\DNSAPI.dll
0x00007ffb25670000 - 0x00007ffb25678000 	C:\Windows\System32\NSI.dll
0x00007ffb23740000 - 0x00007ffb23778000 	C:\Windows\SYSTEM32\IPHLPAPI.DLL
0x00007ffb18570000 - 0x00007ffb1857a000 	C:\Windows\System32\rasadhlp.dll
0x00007ffb1ad50000 - 0x00007ffb1adba000 	C:\Windows\System32\fwpuclnt.dll
0x00007ffb23f20000 - 0x00007ffb23f4b000 	C:\Windows\SYSTEM32\bcrypt.dll
0x00007ffb23b50000 - 0x00007ffb23b67000 	C:\Windows\SYSTEM32\CRYPTSP.dll
0x00007ffb235c0000 - 0x00007ffb235f3000 	C:\Windows\system32\rsaenh.dll
0x00007ffb23830000 - 0x00007ffb2384f000 	C:\Windows\SYSTEM32\USERENV.dll
0x00007ffb23b70000 - 0x00007ffb23b7b000 	C:\Windows\SYSTEM32\CRYPTBASE.dll
0x00007ffb1e430000 - 0x00007ffb1e446000 	C:\Windows\SYSTEM32\dhcpcsvc6.DLL
0x00007ffb1e410000 - 0x00007ffb1e42a000 	C:\Windows\SYSTEM32\dhcpcsvc.DLL
0x00007ffb0c050000 - 0x00007ffb0c062000 	C:\Program Files\Java\jre1.8.0_211\bin\nio.dll

VM Arguments:
jvm_args: -Dfile.encoding=Cp1252 
java_command: com.virtusa.client.OneToManyMain
java_class_path (initial): D:\Karthik Java\HibernateSample\target\classes;C:\Users\admin\.m2\repository\org\hibernate\hibernate-entitymanager\5.3.9.Final\hibernate-entitymanager-5.3.9.Final.jar;C:\Users\admin\.m2\repository\org\jboss\logging\jboss-logging\3.3.2.Final\jboss-logging-3.3.2.Final.jar;C:\Users\admin\.m2\repository\org\hibernate\hibernate-core\5.3.9.Final\hibernate-core-5.3.9.Final.jar;C:\Users\admin\.m2\repository\org\javassist\javassist\3.23.1-GA\javassist-3.23.1-GA.jar;C:\Users\admin\.m2\repository\antlr\antlr\2.7.7\antlr-2.7.7.jar;C:\Users\admin\.m2\repository\org\jboss\jandex\2.0.5.Final\jandex-2.0.5.Final.jar;C:\Users\admin\.m2\repository\com\fasterxml\classmate\1.3.4\classmate-1.3.4.jar;C:\Users\admin\.m2\repository\javax\activation\javax.activation-api\1.2.0\javax.activation-api-1.2.0.jar;C:\Users\admin\.m2\repository\org\dom4j\dom4j\2.1.1\dom4j-2.1.1.jar;C:\Users\admin\.m2\repository\org\hibernate\common\hibernate-commons-annotations\5.0.4.Final\hibernate-commons-annotations-5.0.4.Final.jar;C:\Users\admin\.m2\repository\javax\persistence\javax.persistence-api\2.2\javax.persistence-api-2.2.jar;C:\Users\admin\.m2\repository\net\bytebuddy\byte-buddy\1.9.5\byte-buddy-1.9.5.jar;C:\Users\admin\.m2\repository\org\jboss\spec\javax\transaction\jboss-transaction-api_1.2_spec\1.1.1.Final\jboss-transaction-api_1.2_spec-1.1.1.Final.jar;C:\Users\admin\.m2\repository\mysql\mysql-connector-java\5.1.24\mysql-connector-java-5.1.24.jar
Launcher Type: SUN_STANDARD

Environment Variables:
PATH=C:/Program Files/Java/jre1.8.0_211/bin/server;C:/Program Files/Java/jre1.8.0_211/bin;C:/Program Files/Java/jre1.8.0_211/lib/amd64;C:\Program Files (x86)\Common Files\Oracle\Java\javapath;D:\app\admin\product\11.2.0\dbhome_1\bin;C:\ProgramData\Oracle\Java\javapath;C:\Windows\system32;C:\Windows;C:\Windows\System32\Wbem;C:\Windows\System32\WindowsPowerShell\v1.0\;C:\Program Files (x86)\MySQL\MySQL Server 5.1\bin;C:\Program Files\Java\jdk1.8.0_131\bin;C:\Program Files\Java\jdk1.8.0_131\bin;C:\Program Files\Java\jre1.8.0_131\bin;C:\nexwave\eclipse-jee-neon-3-win32-x86_64\eclipse;
USERNAME=admin
OS=Windows_NT
PROCESSOR_IDENTIFIER=Intel64 Family 6 Model 42 Stepping 7, GenuineIntel



---------------  S Y S T E M  ---------------

OS: Windows 10.0 , 64 bit Build 14393 (10.0.14393.0)

CPU:total 4 (initial active 4) (4 cores per cpu, 1 threads per core) family 6 model 42 stepping 7, cmov, cx8, fxsr, mmx, sse, sse2, sse3, ssse3, sse4.1, sse4.2, popcnt, avx, aes, clmul, tsc, tscinvbit

Memory: 4k page, physical 8281208k(2960788k free), swap 15065204k(5572k free)

vm_info: Java HotSpot(TM) 64-Bit Server VM (25.211-b12) for windows-amd64 JRE (1.8.0_211-b12), built on Apr  1 2019 20:53:26 by "java_re" with MS VC++ 10.0 (VS2010)

time: Thu Aug 01 11:00:32 2019
timezone: India Standard Time
elapsed time: 3 seconds (0d 0h 0m 3s)

