#
# There is insufficient memory for the Java Runtime Environment to continue.
# Native memory allocation (malloc) failed to allocate 660176 bytes for Chunk::new
# Possible reasons:
#   The system is out of physical RAM or swap space
#   The process is running with CompressedOops enabled, and the Java Heap may be blocking the growth of the native heap
# Possible solutions:
#   Reduce memory load on the system
#   Increase physical memory or swap space
#   Check if swap backing store is full
#   Decrease Java heap size (-Xmx/-Xms)
#   Decrease number of Java threads
#   Decrease Java thread stack sizes (-Xss)
#   Set larger code cache with -XX:ReservedCodeCacheSize=
#   JVM is running with Unscaled Compressed Oops mode in which the Java heap is
#     placed in the first 4GB address space. The Java Heap base address is the
#     maximum limit for the native heap growth. Please use -XX:HeapBaseMinAddress
#     to set the Java Heap base and to place the Java Heap above 4GB virtual address.
# This output file may be truncated or incomplete.
#
#  Out of Memory Error (allocation.cpp:389), pid=5092, tid=0x0000000000001640
#
# JRE version: Java(TM) SE Runtime Environment (8.0_211-b12) (build 1.8.0_211-b12)
# Java VM: Java HotSpot(TM) 64-Bit Server VM (25.211-b12 mixed mode windows-amd64 compressed oops)
# Failed to write core dump. Minidumps are not enabled by default on client versions of Windows
#

---------------  T H R E A D  ---------------

Current thread (0x00000000172e1800):  JavaThread "C2 CompilerThread1" daemon [_thread_in_native, id=5696, stack(0x0000000018a20000,0x0000000018b20000)]

Stack: [0x0000000018a20000,0x0000000018b20000]
[error occurred during error reporting (printing stack bounds), id 0xc0000005]

Native frames: (J=compiled Java code, j=interpreted, Vv=VM code, C=native code)


Current CompileTask:
C2:   2027 1410       4       java.net.URLClassLoader$1::run (5 bytes)


---------------  P R O C E S S  ---------------

Java Threads: ( => current thread )
  0x000000001991d000 JavaThread "pool-1-thread-1" [_thread_blocked, id=6180, stack(0x000000001b730000,0x000000001b830000)]
  0x0000000019800000 JavaThread "Abandoned connection cleanup thread" daemon [_thread_blocked, id=8200, stack(0x000000001b430000,0x000000001b530000)]
  0x0000000019581000 JavaThread "Keep-Alive-Timer" daemon [_thread_blocked, id=5296, stack(0x0000000019c20000,0x0000000019d20000)]
  0x0000000018c51800 JavaThread "Service Thread" daemon [_thread_blocked, id=7608, stack(0x0000000019020000,0x0000000019120000)]
  0x00000000172f4000 JavaThread "C1 CompilerThread2" daemon [_thread_blocked, id=4124, stack(0x0000000018b20000,0x0000000018c20000)]
=>0x00000000172e1800 JavaThread "C2 CompilerThread1" daemon [_thread_in_native, id=5696, stack(0x0000000018a20000,0x0000000018b20000)]
  0x00000000172de000 JavaThread "C2 CompilerThread0" daemon [_thread_in_native, id=764, stack(0x0000000018920000,0x0000000018a20000)]
  0x00000000172dc800 JavaThread "Attach Listener" daemon [_thread_blocked, id=3768, stack(0x0000000018820000,0x0000000018920000)]
  0x00000000172db800 JavaThread "Signal Dispatcher" daemon [_thread_blocked, id=8372, stack(0x0000000018720000,0x0000000018820000)]
  0x00000000172ca800 JavaThread "Finalizer" daemon [_thread_blocked, id=8392, stack(0x0000000018530000,0x0000000018630000)]
  0x0000000002720800 JavaThread "Reference Handler" daemon [_thread_blocked, id=8824, stack(0x0000000018430000,0x0000000018530000)]
  0x000000000279e000 JavaThread "main" [_thread_in_vm, id=7196, stack(0x0000000002500000,0x0000000002600000)]

Other Threads:
  0x00000000172a8800 VMThread [stack: 0x0000000018330000,0x0000000018430000] [id=8588]
  0x0000000018c65800 WatcherThread [stack: 0x0000000019120000,0x0000000019220000] [id=8700]

VM state:not at safepoint (normal execution)

VM Mutex/Monitor currently owned by a thread: None

heap address: 0x0000000081a00000, size: 2022 MB, Compressed Oops mode: 32-bit
Narrow klass base: 0x0000000000000000, Narrow klass shift: 3
Compressed class space size: 1073741824 Address: 0x0000000100000000

Heap:
 PSYoungGen      total 38400K, used 7783K [0x00000000d5e00000, 0x00000000d8880000, 0x0000000100000000)
  eden space 33280K, 8% used [0x00000000d5e00000,0x00000000d609d4c8,0x00000000d7e80000)
  from space 5120K, 99% used [0x00000000d8380000,0x00000000d887caa8,0x00000000d8880000)
  to   space 5120K, 0% used [0x00000000d7e80000,0x00000000d7e80000,0x00000000d8380000)
 ParOldGen       total 65024K, used 7977K [0x0000000081a00000, 0x0000000085980000, 0x00000000d5e00000)
  object space 65024K, 12% used [0x0000000081a00000,0x00000000821ca730,0x0000000085980000)
 Metaspace       used 27424K, capacity 27764K, committed 28032K, reserved 1073152K
  class space    used 3875K, capacity 3966K, committed 3968K, reserved 1048576K

Card table byte_map: [0x0000000011b60000,0x0000000011f60000] byte_map_base: 0x0000000011753000

Marking Bits: (ParMarkBitMap*) 0x00000000652f5ce0
 Begin Bits: [0x0000000012610000, 0x00000000145a8000)
 End Bits:   [0x00000000145a8000, 0x0000000016540000)

Polling page: 0x00000000008a0000

CodeCache: size=245760Kb used=4837Kb max_used=4849Kb free=240922Kb
 bounds [0x00000000027a0000, 0x0000000002c70000, 0x00000000117a0000]
 total_blobs=1974 nmethods=1478 adapters=407
 compilation: enabled

Compilation events (10 events):
Event: 1.951 Thread 0x00000000172f4000 nmethod 1457 0x0000000002c51690 code [0x0000000002c51820, 0x0000000002c51c28]
Event: 1.956 Thread 0x00000000172de000 nmethod 1456 0x0000000002c54dd0 code [0x0000000002c54f20, 0x0000000002c55398]
Event: 1.963 Thread 0x00000000172f4000 1458       1       sun.util.locale.BaseLocale::getVariant (5 bytes)
Event: 1.963 Thread 0x00000000172f4000 nmethod 1458 0x0000000002c4b0d0 code [0x0000000002c4b220, 0x0000000002c4b330]
Event: 1.964 Thread 0x00000000172f4000 1459       3       java.util.Calendar::setFieldsComputed (117 bytes)
Event: 1.964 Thread 0x00000000172f4000 nmethod 1459 0x0000000002c54410 code [0x0000000002c545c0, 0x0000000002c54a70]
Event: 1.964 Thread 0x00000000172f4000 1460       3       java.lang.StringBuilder::append (6 bytes)
Event: 1.964 Thread 0x00000000172f4000 nmethod 1460 0x0000000002c53f50 code [0x0000000002c540c0, 0x0000000002c54328]
Event: 1.964 Thread 0x00000000172f4000 1461       3       java.lang.StringBuilder::append (6 bytes)
Event: 1.964 Thread 0x00000000172f4000 nmethod 1461 0x0000000002c53a90 code [0x0000000002c53c00, 0x0000000002c53e68]

GC Heap History (8 events):
Event: 0.116 GC heap before
{Heap before GC invocations=1 (full 0):
 PSYoungGen      total 38400K, used 33250K [0x00000000d5e00000, 0x00000000d8880000, 0x0000000100000000)
  eden space 33280K, 99% used [0x00000000d5e00000,0x00000000d7e78a10,0x00000000d7e80000)
  from space 5120K, 0% used [0x00000000d8380000,0x00000000d8380000,0x00000000d8880000)
  to   space 5120K, 0% used [0x00000000d7e80000,0x00000000d7e80000,0x00000000d8380000)
 ParOldGen       total 87552K, used 0K [0x0000000081a00000, 0x0000000086f80000, 0x00000000d5e00000)
  object space 87552K, 0% used [0x0000000081a00000,0x0000000081a00000,0x0000000086f80000)
 Metaspace       used 2658K, capacity 4486K, committed 4864K, reserved 1056768K
  class space    used 296K, capacity 386K, committed 512K, reserved 1048576K
Event: 0.116 GC heap after
Heap after GC invocations=1 (full 0):
 PSYoungGen      total 38400K, used 528K [0x00000000d5e00000, 0x00000000d8880000, 0x0000000100000000)
  eden space 33280K, 0% used [0x00000000d5e00000,0x00000000d5e00000,0x00000000d7e80000)
  from space 5120K, 10% used [0x00000000d7e80000,0x00000000d7f041e8,0x00000000d8380000)
  to   space 5120K, 0% used [0x00000000d8380000,0x00000000d8380000,0x00000000d8880000)
 ParOldGen       total 87552K, used 8K [0x0000000081a00000, 0x0000000086f80000, 0x00000000d5e00000)
  object space 87552K, 0% used [0x0000000081a00000,0x0000000081a02000,0x0000000086f80000)
 Metaspace       used 2658K, capacity 4486K, committed 4864K, reserved 1056768K
  class space    used 296K, capacity 386K, committed 512K, reserved 1048576K
}
Event: 0.960 GC heap before
{Heap before GC invocations=2 (full 0):
 PSYoungGen      total 38400K, used 33808K [0x00000000d5e00000, 0x00000000d8880000, 0x0000000100000000)
  eden space 33280K, 100% used [0x00000000d5e00000,0x00000000d7e80000,0x00000000d7e80000)
  from space 5120K, 10% used [0x00000000d7e80000,0x00000000d7f041e8,0x00000000d8380000)
  to   space 5120K, 0% used [0x00000000d8380000,0x00000000d8380000,0x00000000d8880000)
 ParOldGen       total 87552K, used 8K [0x0000000081a00000, 0x0000000086f80000, 0x00000000d5e00000)
  object space 87552K, 0% used [0x0000000081a00000,0x0000000081a02000,0x0000000086f80000)
 Metaspace       used 15825K, capacity 16102K, committed 16256K, reserved 1062912K
  class space    used 2248K, capacity 2335K, committed 2432K, reserved 1048576K
Event: 0.968 GC heap after
Heap after GC invocations=2 (full 0):
 PSYoungGen      total 38400K, used 5103K [0x00000000d5e00000, 0x00000000d8880000, 0x0000000100000000)
  eden space 33280K, 0% used [0x00000000d5e00000,0x00000000d5e00000,0x00000000d7e80000)
  from space 5120K, 99% used [0x00000000d8380000,0x00000000d887bfc0,0x00000000d8880000)
  to   space 5120K, 0% used [0x00000000d7e80000,0x00000000d7e80000,0x00000000d8380000)
 ParOldGen       total 87552K, used 2098K [0x0000000081a00000, 0x0000000086f80000, 0x00000000d5e00000)
  object space 87552K, 2% used [0x0000000081a00000,0x0000000081c0cbe0,0x0000000086f80000)
 Metaspace       used 15825K, capacity 16102K, committed 16256K, reserved 1062912K
  class space    used 2248K, capacity 2335K, committed 2432K, reserved 1048576K
}
Event: 1.429 GC heap before
{Heap before GC invocations=3 (full 0):
 PSYoungGen      total 38400K, used 27777K [0x00000000d5e00000, 0x00000000d8880000, 0x0000000100000000)
  eden space 33280K, 68% used [0x00000000d5e00000,0x00000000d74244c0,0x00000000d7e80000)
  from space 5120K, 99% used [0x00000000d8380000,0x00000000d887bfc0,0x00000000d8880000)
  to   space 5120K, 0% used [0x00000000d7e80000,0x00000000d7e80000,0x00000000d8380000)
 ParOldGen       total 87552K, used 2098K [0x0000000081a00000, 0x0000000086f80000, 0x00000000d5e00000)
  object space 87552K, 2% used [0x0000000081a00000,0x0000000081c0cbe0,0x0000000086f80000)
 Metaspace       used 20793K, capacity 21012K, committed 21248K, reserved 1067008K
  class space    used 2861K, capacity 2946K, committed 3072K, reserved 1048576K
Event: 1.435 GC heap after
Heap after GC invocations=3 (full 0):
 PSYoungGen      total 38400K, used 5101K [0x00000000d5e00000, 0x00000000d8880000, 0x0000000100000000)
  eden space 33280K, 0% used [0x00000000d5e00000,0x00000000d5e00000,0x00000000d7e80000)
  from space 5120K, 99% used [0x00000000d7e80000,0x00000000d837b440,0x00000000d8380000)
  to   space 5120K, 0% used [0x00000000d8380000,0x00000000d8380000,0x00000000d8880000)
 ParOldGen       total 87552K, used 4172K [0x0000000081a00000, 0x0000000086f80000, 0x00000000d5e00000)
  object space 87552K, 4% used [0x0000000081a00000,0x0000000081e13150,0x0000000086f80000)
 Metaspace       used 20793K, capacity 21012K, committed 21248K, reserved 1067008K
  class space    used 2861K, capacity 2946K, committed 3072K, reserved 1048576K
}
Event: 1.435 GC heap before
{Heap before GC invocations=4 (full 1):
 PSYoungGen      total 38400K, used 5101K [0x00000000d5e00000, 0x00000000d8880000, 0x0000000100000000)
  eden space 33280K, 0% used [0x00000000d5e00000,0x00000000d5e00000,0x00000000d7e80000)
  from space 5120K, 99% used [0x00000000d7e80000,0x00000000d837b440,0x00000000d8380000)
  to   space 5120K, 0% used [0x00000000d8380000,0x00000000d8380000,0x00000000d8880000)
 ParOldGen       total 87552K, used 4172K [0x0000000081a00000, 0x0000000086f80000, 0x00000000d5e00000)
  object space 87552K, 4% used [0x0000000081a00000,0x0000000081e13150,0x0000000086f80000)
 Metaspace       used 20793K, capacity 21012K, committed 21248K, reserved 1067008K
  class space    used 2861K, capacity 2946K, committed 3072K, reserved 1048576K
Event: 1.460 GC heap after
Heap after GC invocations=4 (full 1):
 PSYoungGen      total 38400K, used 0K [0x00000000d5e00000, 0x00000000d8880000, 0x0000000100000000)
  eden space 33280K, 0% used [0x00000000d5e00000,0x00000000d5e00000,0x00000000d7e80000)
  from space 5120K, 0% used [0x00000000d7e80000,0x00000000d7e80000,0x00000000d8380000)
  to   space 5120K, 0% used [0x00000000d8380000,0x00000000d8380000,0x00000000d8880000)
 ParOldGen       total 65024K, used 7063K [0x0000000081a00000, 0x0000000085980000, 0x00000000d5e00000)
  object space 65024K, 10% used [0x0000000081a00000,0x00000000820e5c88,0x0000000085980000)
 Metaspace       used 20793K, capacity 21012K, committed 21248K, reserved 1067008K
  class space    used 2861K, capacity 2946K, committed 3072K, reserved 1048576K
}

Deoptimization events (10 events):
Event: 0.454 Thread 0x000000000279e000 Uncommon trap: reason=unstable_if action=reinterpret pc=0x0000000002a0c128 method=java.util.HashMap.getNode(ILjava/lang/Object;)Ljava/util/HashMap$Node; @ 129
Event: 0.457 Thread 0x000000000279e000 Uncommon trap: reason=unstable_if action=reinterpret pc=0x0000000002a0ef08 method=java.util.HashMap.getNode(ILjava/lang/Object;)Ljava/util/HashMap$Node; @ 129
Event: 0.491 Thread 0x000000000279e000 Uncommon trap: reason=unstable_if action=reinterpret pc=0x00000000029df21c method=sun.misc.MetaIndex.mayContain(Ljava/lang/String;)Z @ 38
Event: 0.492 Thread 0x000000000279e000 Uncommon trap: reason=unstable_if action=reinterpret pc=0x00000000029a22fc method=sun.misc.MetaIndex.mayContain(Ljava/lang/String;)Z @ 38
Event: 0.509 Thread 0x000000000279e000 Uncommon trap: reason=predicate action=maybe_recompile pc=0x0000000002a0358c method=sun.net.www.ParseUtil.encodePath(Ljava/lang/String;Z)Ljava/lang/String; @ 36
Event: 0.656 Thread 0x000000000279e000 Uncommon trap: reason=range_check action=make_not_entrant pc=0x0000000002a41ae0 method=sun.reflect.generics.parser.SignatureParser.current()C @ 34
Event: 0.724 Thread 0x000000000279e000 Uncommon trap: reason=unstable_if action=reinterpret pc=0x0000000002a1433c method=java.lang.AbstractStringBuilder.append(Ljava/lang/String;)Ljava/lang/AbstractStringBuilder; @ 1
Event: 0.986 Thread 0x000000000279e000 Uncommon trap: reason=unstable_if action=reinterpret pc=0x00000000029a5334 method=java.lang.AbstractStringBuilder.append(Ljava/lang/String;)Ljava/lang/AbstractStringBuilder; @ 1
Event: 1.054 Thread 0x000000000279e000 Uncommon trap: reason=unstable_if action=reinterpret pc=0x0000000002a721bc method=java.lang.CharacterDataLatin1.isWhitespace(I)Z @ 14
Event: 1.240 Thread 0x000000000279e000 Uncommon trap: reason=bimorphic action=maybe_recompile pc=0x0000000002abb5a0 method=java.util.HashMap.putVal(ILjava/lang/Object;Ljava/lang/Object;ZZ)Ljava/lang/Object; @ 203

Classes redefined (0 events):
No events

Internal exceptions (10 events):
Event: 1.003 Thread 0x000000000279e000 Exception <a 'java/security/PrivilegedActionException'> (0x00000000d60394e8) thrown at [C:\re\workspace\8-2-build-windows-amd64-cygwin\jdk8u211\12973\hotspot\src\share\vm\prims\jvm.cpp, line 1502]
Event: 1.003 Thread 0x000000000279e000 Exception <a 'java/security/PrivilegedActionException'> (0x00000000d60398e0) thrown at [C:\re\workspace\8-2-build-windows-amd64-cygwin\jdk8u211\12973\hotspot\src\share\vm\prims\jvm.cpp, line 1502]
Event: 1.008 Thread 0x000000000279e000 Exception <a 'java/security/PrivilegedActionException'> (0x00000000d6083cf8) thrown at [C:\re\workspace\8-2-build-windows-amd64-cygwin\jdk8u211\12973\hotspot\src\share\vm\prims\jvm.cpp, line 1502]
Event: 1.008 Thread 0x000000000279e000 Exception <a 'java/security/PrivilegedActionException'> (0x00000000d60840f0) thrown at [C:\re\workspace\8-2-build-windows-amd64-cygwin\jdk8u211\12973\hotspot\src\share\vm\prims\jvm.cpp, line 1502]
Event: 1.008 Thread 0x000000000279e000 Exception <a 'java/security/PrivilegedActionException'> (0x00000000d60883b0) thrown at [C:\re\workspace\8-2-build-windows-amd64-cygwin\jdk8u211\12973\hotspot\src\share\vm\prims\jvm.cpp, line 1502]
Event: 1.008 Thread 0x000000000279e000 Exception <a 'java/security/PrivilegedActionException'> (0x00000000d60887a8) thrown at [C:\re\workspace\8-2-build-windows-amd64-cygwin\jdk8u211\12973\hotspot\src\share\vm\prims\jvm.cpp, line 1502]
Event: 1.009 Thread 0x000000000279e000 Exception <a 'java/security/PrivilegedActionException'> (0x00000000d608cca8) thrown at [C:\re\workspace\8-2-build-windows-amd64-cygwin\jdk8u211\12973\hotspot\src\share\vm\prims\jvm.cpp, line 1502]
Event: 1.009 Thread 0x000000000279e000 Exception <a 'java/security/PrivilegedActionException'> (0x00000000d608d0a0) thrown at [C:\re\workspace\8-2-build-windows-amd64-cygwin\jdk8u211\12973\hotspot\src\share\vm\prims\jvm.cpp, line 1502]
Event: 1.009 Thread 0x000000000279e000 Exception <a 'java/security/PrivilegedActionException'> (0x00000000d6091490) thrown at [C:\re\workspace\8-2-build-windows-amd64-cygwin\jdk8u211\12973\hotspot\src\share\vm\prims\jvm.cpp, line 1502]
Event: 1.009 Thread 0x000000000279e000 Exception <a 'java/security/PrivilegedActionException'> (0x00000000d6091888) thrown at [C:\re\workspace\8-2-build-windows-amd64-cygwin\jdk8u211\12973\hotspot\src\share\vm\prims\jvm.cpp, line 1502]

Events (10 events):
Event: 1.970 loading class antlr/LLkParser
Event: 1.970 loading class antlr/LLkParser done
Event: 1.970 loading class antlr/Parser
Event: 1.970 loading class antlr/Parser done
Event: 1.971 loading class antlr/MismatchedTokenException
Event: 1.971 loading class antlr/MismatchedTokenException done
Event: 1.971 loading class antlr/NoViableAltException
Event: 1.971 loading class antlr/NoViableAltException done
Event: 1.972 loading class antlr/SemanticException
Event: 1.972 loading class antlr/SemanticException done


Dynamic libraries:
0x00007ff7e3740000 - 0x00007ff7e3777000 	C:\Program Files\Java\jre1.8.0_211\bin\javaw.exe
0x00007ffb27c20000 - 0x00007ffb27df1000 	C:\Windows\SYSTEM32\ntdll.dll
0x00007ffb25500000 - 0x00007ffb255ab000 	C:\Windows\System32\KERNEL32.DLL
0x00007ffb24110000 - 0x00007ffb2432d000 	C:\Windows\System32\KERNELBASE.dll
0x00007ffb27b70000 - 0x00007ffb27c12000 	C:\Windows\System32\ADVAPI32.dll
0x00007ffb255d0000 - 0x00007ffb2566e000 	C:\Windows\System32\msvcrt.dll
0x00007ffb25dd0000 - 0x00007ffb25e29000 	C:\Windows\System32\sechost.dll
0x00007ffb25680000 - 0x00007ffb257a1000 	C:\Windows\System32\RPCRT4.dll
0x00007ffb252f0000 - 0x00007ffb25455000 	C:\Windows\System32\USER32.dll
0x00007ffb24330000 - 0x00007ffb2434e000 	C:\Windows\System32\win32u.dll
0x00007ffb25cf0000 - 0x00007ffb25d24000 	C:\Windows\System32\GDI32.dll
0x00007ffb245a0000 - 0x00007ffb24722000 	C:\Windows\System32\gdi32full.dll
0x00007ffb1a1e0000 - 0x00007ffb1a459000 	C:\Windows\WinSxS\amd64_microsoft.windows.common-controls_6595b64144ccf1df_6.0.14393.447_none_42191651c6827bb3\COMCTL32.dll
0x00007ffb25e30000 - 0x00007ffb260f8000 	C:\Windows\System32\combase.dll
0x00007ffb244a0000 - 0x00007ffb24595000 	C:\Windows\System32\ucrtbase.dll
0x00007ffb24790000 - 0x00007ffb247fa000 	C:\Windows\System32\bcryptPrimitives.dll
0x00007ffb25460000 - 0x00007ffb2548e000 	C:\Windows\System32\IMM32.DLL
0x00000000649f0000 - 0x0000000064ac2000 	C:\Program Files\Java\jre1.8.0_211\bin\msvcr100.dll
0x0000000064ad0000 - 0x0000000065375000 	C:\Program Files\Java\jre1.8.0_211\bin\server\jvm.dll
0x00007ffb254f0000 - 0x00007ffb254f8000 	C:\Windows\System32\PSAPI.DLL
0x00007ffb221f0000 - 0x00007ffb22213000 	C:\Windows\SYSTEM32\WINMM.dll
0x00007ffb14630000 - 0x00007ffb1463a000 	C:\Windows\SYSTEM32\VERSION.dll
0x00007ffb15890000 - 0x00007ffb15899000 	C:\Windows\SYSTEM32\WSOCK32.dll
0x00007ffb22030000 - 0x00007ffb2205b000 	C:\Windows\SYSTEM32\WINMMBASE.dll
0x00007ffb24f90000 - 0x00007ffb24fd2000 	C:\Windows\System32\cfgmgr32.dll
0x00007ffb276d0000 - 0x00007ffb2773a000 	C:\Windows\System32\WS2_32.dll
0x00007ffb224d0000 - 0x00007ffb224df000 	C:\Program Files\Java\jre1.8.0_211\bin\verify.dll
0x00007ffb1d630000 - 0x00007ffb1d659000 	C:\Program Files\Java\jre1.8.0_211\bin\java.dll
0x00007ffb1d5f0000 - 0x00007ffb1d606000 	C:\Program Files\Java\jre1.8.0_211\bin\zip.dll
0x00007ffb26100000 - 0x00007ffb27609000 	C:\Windows\System32\SHELL32.dll
0x00007ffb248b0000 - 0x00007ffb24f8a000 	C:\Windows\System32\windows.storage.dll
0x00007ffb240c0000 - 0x00007ffb2410c000 	C:\Windows\System32\powrprof.dll
0x00007ffb25b80000 - 0x00007ffb25bd2000 	C:\Windows\System32\shlwapi.dll
0x00007ffb24080000 - 0x00007ffb2408f000 	C:\Windows\System32\kernel.appcore.dll
0x00007ffb24800000 - 0x00007ffb248a9000 	C:\Windows\System32\shcore.dll
0x00007ffb24090000 - 0x00007ffb240a4000 	C:\Windows\System32\profapi.dll
0x00007ffb1d210000 - 0x00007ffb1d22a000 	C:\Program Files\Java\jre1.8.0_211\bin\net.dll
0x00007ffb18a00000 - 0x00007ffb18bc2000 	C:\Windows\SYSTEM32\urlmon.dll
0x00007ffb1af70000 - 0x00007ffb1b213000 	C:\Windows\SYSTEM32\iertutil.dll
0x00007ffb239b0000 - 0x00007ffb23a0c000 	C:\Windows\system32\mswsock.dll
0x00007ffb23780000 - 0x00007ffb23820000 	C:\Windows\SYSTEM32\DNSAPI.dll
0x00007ffb25670000 - 0x00007ffb25678000 	C:\Windows\System32\NSI.dll
0x00007ffb23740000 - 0x00007ffb23778000 	C:\Windows\SYSTEM32\IPHLPAPI.DLL
0x00007ffb18570000 - 0x00007ffb1857a000 	C:\Windows\System32\rasadhlp.dll
0x00007ffb1ad50000 - 0x00007ffb1adba000 	C:\Windows\System32\fwpuclnt.dll
0x00007ffb23f20000 - 0x00007ffb23f4b000 	C:\Windows\SYSTEM32\bcrypt.dll
0x00007ffb23b50000 - 0x00007ffb23b67000 	C:\Windows\SYSTEM32\CRYPTSP.dll
0x00007ffb235c0000 - 0x00007ffb235f3000 	C:\Windows\system32\rsaenh.dll
0x00007ffb23830000 - 0x00007ffb2384f000 	C:\Windows\SYSTEM32\USERENV.dll
0x00007ffb23b70000 - 0x00007ffb23b7b000 	C:\Windows\SYSTEM32\CRYPTBASE.dll
0x00007ffb1e430000 - 0x00007ffb1e446000 	C:\Windows\SYSTEM32\dhcpcsvc6.DLL
0x00007ffb1e410000 - 0x00007ffb1e42a000 	C:\Windows\SYSTEM32\dhcpcsvc.DLL
0x00007ffb1d1f0000 - 0x00007ffb1d202000 	C:\Program Files\Java\jre1.8.0_211\bin\nio.dll

VM Arguments:
jvm_args: -Dfile.encoding=Cp1252 
java_command: com.virtusa.client.EmployeeHQLMain
java_class_path (initial): D:\Karthik Java\HibernateSample\target\classes;C:\Users\admin\.m2\repository\org\hibernate\hibernate-entitymanager\5.3.9.Final\hibernate-entitymanager-5.3.9.Final.jar;C:\Users\admin\.m2\repository\org\jboss\logging\jboss-logging\3.3.2.Final\jboss-logging-3.3.2.Final.jar;C:\Users\admin\.m2\repository\org\hibernate\hibernate-core\5.3.9.Final\hibernate-core-5.3.9.Final.jar;C:\Users\admin\.m2\repository\org\javassist\javassist\3.23.1-GA\javassist-3.23.1-GA.jar;C:\Users\admin\.m2\repository\antlr\antlr\2.7.7\antlr-2.7.7.jar;C:\Users\admin\.m2\repository\org\jboss\jandex\2.0.5.Final\jandex-2.0.5.Final.jar;C:\Users\admin\.m2\repository\com\fasterxml\classmate\1.3.4\classmate-1.3.4.jar;C:\Users\admin\.m2\repository\javax\activation\javax.activation-api\1.2.0\javax.activation-api-1.2.0.jar;C:\Users\admin\.m2\repository\org\dom4j\dom4j\2.1.1\dom4j-2.1.1.jar;C:\Users\admin\.m2\repository\org\hibernate\common\hibernate-commons-annotations\5.0.4.Final\hibernate-commons-annotations-5.0.4.Final.jar;C:\Users\admin\.m2\repository\javax\persistence\javax.persistence-api\2.2\javax.persistence-api-2.2.jar;C:\Users\admin\.m2\repository\net\bytebuddy\byte-buddy\1.9.5\byte-buddy-1.9.5.jar;C:\Users\admin\.m2\repository\org\jboss\spec\javax\transaction\jboss-transaction-api_1.2_spec\1.1.1.Final\jboss-transaction-api_1.2_spec-1.1.1.Final.jar;C:\Users\admin\.m2\repository\mysql\mysql-connector-java\5.1.24\mysql-connector-java-5.1.24.jar
Launcher Type: SUN_STANDARD

Environment Variables:
PATH=C:/Program Files/Java/jre1.8.0_211/bin/server;C:/Program Files/Java/jre1.8.0_211/bin;C:/Program Files/Java/jre1.8.0_211/lib/amd64;C:\Program Files (x86)\Common Files\Oracle\Java\javapath;D:\app\admin\product\11.2.0\dbhome_1\bin;C:\ProgramData\Oracle\Java\javapath;C:\Windows\system32;C:\Windows;C:\Windows\System32\Wbem;C:\Windows\System32\WindowsPowerShell\v1.0\;C:\Program Files (x86)\MySQL\MySQL Server 5.1\bin;C:\Program Files\Java\jdk1.8.0_131\bin;C:\Program Files\Java\jdk1.8.0_131\bin;C:\Program Files\Java\jre1.8.0_131\bin;C:\nexwave\eclipse-jee-neon-3-win32-x86_64\eclipse;
USERNAME=admin
OS=Windows_NT
PROCESSOR_IDENTIFIER=Intel64 Family 6 Model 42 Stepping 7, GenuineIntel



---------------  S Y S T E M  ---------------

OS: Windows 10.0 , 64 bit Build 14393 (10.0.14393.0)

CPU:total 4 (initial active 4) (4 cores per cpu, 1 threads per core) family 6 model 42 stepping 7, cmov, cx8, fxsr, mmx, sse, sse2, sse3, ssse3, sse4.1, sse4.2, popcnt, avx, aes, clmul, tsc, tscinvbit

Memory: 4k page, physical 8281208k(2760500k free), swap 15065204k(5280k free)

vm_info: Java HotSpot(TM) 64-Bit Server VM (25.211-b12) for windows-amd64 JRE (1.8.0_211-b12), built on Apr  1 2019 20:53:26 by "java_re" with MS VC++ 10.0 (VS2010)

time: Tue Jul 30 12:53:07 2019
timezone: India Standard Time
elapsed time: 2 seconds (0d 0h 0m 2s)

