#
# There is insufficient memory for the Java Runtime Environment to continue.
# Native memory allocation (malloc) failed to allocate 1048576 bytes for AllocateHeap
# Possible reasons:
#   The system is out of physical RAM or swap space
#   The process is running with CompressedOops enabled, and the Java Heap may be blocking the growth of the native heap
# Possible solutions:
#   Reduce memory load on the system
#   Increase physical memory or swap space
#   Check if swap backing store is full
#   Decrease Java heap size (-Xmx/-Xms)
#   Decrease number of Java threads
#   Decrease Java thread stack sizes (-Xss)
#   Set larger code cache with -XX:ReservedCodeCacheSize=
#   JVM is running with Unscaled Compressed Oops mode in which the Java heap is
#     placed in the first 4GB address space. The Java Heap base address is the
#     maximum limit for the native heap growth. Please use -XX:HeapBaseMinAddress
#     to set the Java Heap base and to place the Java Heap above 4GB virtual address.
# This output file may be truncated or incomplete.
#
#  Out of Memory Error (memory/allocation.inline.hpp:61), pid=3532, tid=0x0000000000000938
#
# JRE version:  (8.0_211-b12) (build )
# Java VM: Java HotSpot(TM) 64-Bit Server VM (25.211-b12 mixed mode windows-amd64 compressed oops)
# Failed to write core dump. Minidumps are not enabled by default on client versions of Windows
#

---------------  T H R E A D  ---------------

Current thread (0x0000000002fde000):  JavaThread "Unknown thread" [_thread_in_vm, id=2360, stack(0x00000000030e0000,0x00000000031e0000)]

Stack: [0x00000000030e0000,0x00000000031e0000]
[error occurred during error reporting (printing stack bounds), id 0xc0000005]

Native frames: (J=compiled Java code, j=interpreted, Vv=VM code, C=native code)


---------------  P R O C E S S  ---------------

Java Threads: ( => current thread )

Other Threads:

=>0x0000000002fde000 (exited) JavaThread "Unknown thread" [_thread_in_vm, id=2360, stack(0x00000000030e0000,0x00000000031e0000)]

VM state:not at safepoint (normal execution)

VM Mutex/Monitor currently owned by a thread: None

heap address: 0x0000000081a00000, size: 2022 MB, Compressed Oops mode: 32-bit
Narrow klass base: 0x0000000000000000, Narrow klass shift: 3
Compressed class space size: 1073741824 Address: 0x0000000100000000

Heap:
 PSYoungGen      total 38400K, used 665K [0x00000000d5e00000, 0x00000000d8880000, 0x0000000100000000)
  eden space 33280K, 2% used [0x00000000d5e00000,0x00000000d5ea6670,0x00000000d7e80000)
  from space 5120K, 0% used [0x00000000d8380000,0x00000000d8380000,0x00000000d8880000)
  to   space 5120K, 0% used [0x00000000d7e80000,0x00000000d7e80000,0x00000000d8380000)
 ParOldGen       total 87552K, used 0K [0x0000000081a00000, 0x0000000086f80000, 0x00000000d5e00000)
  object space 87552K, 0% used [0x0000000081a00000,0x0000000081a00000,0x0000000086f80000)
 Metaspace       used 751K, capacity 4480K, committed 4480K, reserved 1056768K
  class space    used 76K, capacity 384K, committed 384K, reserved 1048576K

Card table byte_map: [0x00000000126a0000,0x0000000012aa0000] byte_map_base: 0x0000000012293000

Marking Bits: (ParMarkBitMap*) 0x00000000652f5ce0
 Begin Bits: [0x0000000013150000, 0x00000000150e8000)
 End Bits:   [0x00000000150e8000, 0x0000000017080000)

Polling page: 0x00000000013a0000

CodeCache: size=245760Kb used=328Kb max_used=328Kb free=245431Kb
 bounds [0x00000000032e0000, 0x0000000003550000, 0x00000000122e0000]
 total_blobs=58 nmethods=0 adapters=38
 compilation: enabled

Compilation events (0 events):
No events

GC Heap History (0 events):
No events

Deoptimization events (0 events):
No events

Classes redefined (0 events):
No events

Internal exceptions (0 events):
No events

Events (10 events):
Event: 0.023 loading class java/lang/Short
Event: 0.023 loading class java/lang/Short done
Event: 0.023 loading class java/lang/Integer
Event: 0.024 loading class java/lang/Integer done
Event: 0.024 loading class java/lang/Long
Event: 0.024 loading class java/lang/Long done
Event: 0.024 loading class java/lang/NullPointerException
Event: 0.024 loading class java/lang/NullPointerException done
Event: 0.024 loading class java/lang/ArithmeticException
Event: 0.024 loading class java/lang/ArithmeticException done


Dynamic libraries:
0x00007ff7e3740000 - 0x00007ff7e3777000 	C:\Program Files\Java\jre1.8.0_211\bin\javaw.exe
0x00007ffb27c20000 - 0x00007ffb27df1000 	C:\Windows\SYSTEM32\ntdll.dll
0x00007ffb25500000 - 0x00007ffb255ab000 	C:\Windows\System32\KERNEL32.DLL
0x00007ffb24110000 - 0x00007ffb2432d000 	C:\Windows\System32\KERNELBASE.dll
0x00007ffb27b70000 - 0x00007ffb27c12000 	C:\Windows\System32\ADVAPI32.dll
0x00007ffb255d0000 - 0x00007ffb2566e000 	C:\Windows\System32\msvcrt.dll
0x00007ffb25dd0000 - 0x00007ffb25e29000 	C:\Windows\System32\sechost.dll
0x00007ffb25680000 - 0x00007ffb257a1000 	C:\Windows\System32\RPCRT4.dll
0x00007ffb252f0000 - 0x00007ffb25455000 	C:\Windows\System32\USER32.dll
0x00007ffb24330000 - 0x00007ffb2434e000 	C:\Windows\System32\win32u.dll
0x00007ffb25cf0000 - 0x00007ffb25d24000 	C:\Windows\System32\GDI32.dll
0x00007ffb245a0000 - 0x00007ffb24722000 	C:\Windows\System32\gdi32full.dll
0x00007ffb1a1e0000 - 0x00007ffb1a459000 	C:\Windows\WinSxS\amd64_microsoft.windows.common-controls_6595b64144ccf1df_6.0.14393.447_none_42191651c6827bb3\COMCTL32.dll
0x00007ffb25e30000 - 0x00007ffb260f8000 	C:\Windows\System32\combase.dll
0x00007ffb244a0000 - 0x00007ffb24595000 	C:\Windows\System32\ucrtbase.dll
0x00007ffb24790000 - 0x00007ffb247fa000 	C:\Windows\System32\bcryptPrimitives.dll
0x00007ffb25460000 - 0x00007ffb2548e000 	C:\Windows\System32\IMM32.DLL
0x00000000649f0000 - 0x0000000064ac2000 	C:\Program Files\Java\jre1.8.0_211\bin\msvcr100.dll
0x0000000064ad0000 - 0x0000000065375000 	C:\Program Files\Java\jre1.8.0_211\bin\server\jvm.dll
0x00007ffb254f0000 - 0x00007ffb254f8000 	C:\Windows\System32\PSAPI.DLL
0x00007ffb221f0000 - 0x00007ffb22213000 	C:\Windows\SYSTEM32\WINMM.dll
0x00007ffb15890000 - 0x00007ffb15899000 	C:\Windows\SYSTEM32\WSOCK32.dll
0x00007ffb14630000 - 0x00007ffb1463a000 	C:\Windows\SYSTEM32\VERSION.dll
0x00007ffb276d0000 - 0x00007ffb2773a000 	C:\Windows\System32\WS2_32.dll
0x0000000002f30000 - 0x0000000002f5b000 	C:\Windows\SYSTEM32\WINMMBASE.dll
0x00007ffb24f90000 - 0x00007ffb24fd2000 	C:\Windows\System32\cfgmgr32.dll
0x00007ffb1a630000 - 0x00007ffb1a63f000 	C:\Program Files\Java\jre1.8.0_211\bin\verify.dll
0x00007ffb10cb0000 - 0x00007ffb10cd9000 	C:\Program Files\Java\jre1.8.0_211\bin\java.dll
0x00007ffb12af0000 - 0x00007ffb12b06000 	C:\Program Files\Java\jre1.8.0_211\bin\zip.dll

VM Arguments:
jvm_args: -Dfile.encoding=Cp1252 
java_command: com.virtusa.client.InheritanceMain
java_class_path (initial): D:\Karthik Java\HibernateSample\target\classes;C:\Users\admin\.m2\repository\org\hibernate\hibernate-entitymanager\5.3.9.Final\hibernate-entitymanager-5.3.9.Final.jar;C:\Users\admin\.m2\repository\org\jboss\logging\jboss-logging\3.3.2.Final\jboss-logging-3.3.2.Final.jar;C:\Users\admin\.m2\repository\org\hibernate\hibernate-core\5.3.9.Final\hibernate-core-5.3.9.Final.jar;C:\Users\admin\.m2\repository\org\javassist\javassist\3.23.1-GA\javassist-3.23.1-GA.jar;C:\Users\admin\.m2\repository\antlr\antlr\2.7.7\antlr-2.7.7.jar;C:\Users\admin\.m2\repository\org\jboss\jandex\2.0.5.Final\jandex-2.0.5.Final.jar;C:\Users\admin\.m2\repository\com\fasterxml\classmate\1.3.4\classmate-1.3.4.jar;C:\Users\admin\.m2\repository\javax\activation\javax.activation-api\1.2.0\javax.activation-api-1.2.0.jar;C:\Users\admin\.m2\repository\org\dom4j\dom4j\2.1.1\dom4j-2.1.1.jar;C:\Users\admin\.m2\repository\org\hibernate\common\hibernate-commons-annotations\5.0.4.Final\hibernate-commons-annotations-5.0.4.Final.jar;C:\Users\admin\.m2\repository\javax\persistence\javax.persistence-api\2.2\javax.persistence-api-2.2.jar;C:\Users\admin\.m2\repository\net\bytebuddy\byte-buddy\1.9.5\byte-buddy-1.9.5.jar;C:\Users\admin\.m2\repository\org\jboss\spec\javax\transaction\jboss-transaction-api_1.2_spec\1.1.1.Final\jboss-transaction-api_1.2_spec-1.1.1.Final.jar;C:\Users\admin\.m2\repository\mysql\mysql-connector-java\5.1.24\mysql-connector-java-5.1.24.jar
Launcher Type: SUN_STANDARD

Environment Variables:
PATH=C:/Program Files/Java/jre1.8.0_211/bin/server;C:/Program Files/Java/jre1.8.0_211/bin;C:/Program Files/Java/jre1.8.0_211/lib/amd64;C:\Program Files (x86)\Common Files\Oracle\Java\javapath;D:\app\admin\product\11.2.0\dbhome_1\bin;C:\ProgramData\Oracle\Java\javapath;C:\Windows\system32;C:\Windows;C:\Windows\System32\Wbem;C:\Windows\System32\WindowsPowerShell\v1.0\;C:\Program Files (x86)\MySQL\MySQL Server 5.1\bin;C:\Program Files\Java\jdk1.8.0_131\bin;C:\Program Files\Java\jdk1.8.0_131\bin;C:\Program Files\Java\jre1.8.0_131\bin;C:\nexwave\eclipse-jee-neon-3-win32-x86_64\eclipse;
USERNAME=admin
OS=Windows_NT
PROCESSOR_IDENTIFIER=Intel64 Family 6 Model 42 Stepping 7, GenuineIntel



---------------  S Y S T E M  ---------------

OS: Windows 10.0 , 64 bit Build 14393 (10.0.14393.0)

CPU:total 4 (initial active 4) (4 cores per cpu, 1 threads per core) family 6 model 42 stepping 7, cmov, cx8, fxsr, mmx, sse, sse2, sse3, ssse3, sse4.1, sse4.2, popcnt, avx, aes, clmul, tsc, tscinvbit

Memory: 4k page, physical 8281208k(2632624k free), swap 15065204k(5900k free)

vm_info: Java HotSpot(TM) 64-Bit Server VM (25.211-b12) for windows-amd64 JRE (1.8.0_211-b12), built on Apr  1 2019 20:53:26 by "java_re" with MS VC++ 10.0 (VS2010)

time: Thu Aug 01 10:54:54 2019
timezone: India Standard Time
elapsed time: 0 seconds (0d 0h 0m 0s)

